\BOOKMARK [0][-]{chapter.1}{Description des T\342ches de l'Utilisateur}{}% 1
\BOOKMARK [1][-]{section.1.1}{Description des Domaines Fonctionnels}{chapter.1}% 2
\BOOKMARK [1][-]{section.1.2}{Mod\350le des Utilisateurs}{chapter.1}% 3
\BOOKMARK [1][-]{section.1.3}{Graphe d'h\351ritage des Profils Utilisateurs}{chapter.1}% 4
\BOOKMARK [1][-]{section.1.4}{Description des Profils Utilisateurs}{chapter.1}% 5
\BOOKMARK [1][-]{section.1.5}{Tableau des Tables Utilisateurs par Domaine Fonctionnel}{chapter.1}% 6
\BOOKMARK [1][-]{section.1.6}{Description des T\342ches Utilisateurs par Domaine Fonctionnel}{chapter.1}% 7
\BOOKMARK [0][-]{chapter.2}{Description Conceptuelle de l'IHM}{}% 8
\BOOKMARK [1][-]{section.2.1}{Dossier d'Initialisation de la Conception de l'IHM}{chapter.2}% 9
\BOOKMARK [2][-]{subsection.2.1.1}{Charte graphique et Guide de style utilis\351 : }{section.2.1}% 10
\BOOKMARK [2][-]{subsection.2.1.2}{Ensemble des m\351taphores : }{section.2.1}% 11
\BOOKMARK [1][-]{section.2.2}{Mod\350le Structurel de l'IHM}{chapter.2}% 12
\BOOKMARK [2][-]{subsection.2.2.1}{Livreur : }{section.2.2}% 13
\BOOKMARK [2][-]{subsection.2.2.2}{Secr\351taire : }{section.2.2}% 14
\BOOKMARK [2][-]{subsection.2.2.3}{Superviseur : }{section.2.2}% 15
\BOOKMARK [1][-]{section.2.3}{Description d\351taill\351e des Principaux Objets Utilisateurs}{chapter.2}% 16
\BOOKMARK [0][-]{chapter.3}{Description de la S\351mantique de l'IHM}{}% 17
\BOOKMARK [1][-]{section.3.1}{Planification Hi\351rarchique de la T\342che Utilisateur Approfondie}{chapter.3}% 18
\BOOKMARK [1][-]{section.3.2}{Table des Commandes par Utilisateurs}{chapter.3}% 19
\BOOKMARK [1][-]{section.3.3}{Table des Utilisateurs par Commande}{chapter.3}% 20
\BOOKMARK [1][-]{section.3.4}{Description des COMmandes}{chapter.3}% 21
\BOOKMARK [0][-]{chapter.4}{Description Syntaxique de l'IHM}{}% 22
\BOOKMARK [1][-]{section.4.1}{Sp\351cification Syntaxique du Langage d'Entr\351e / de Sortie}{chapter.4}% 23
\BOOKMARK [1][-]{section.4.2}{Diagramme d'Encha\356nement des Fen\352tres}{chapter.4}% 24
\BOOKMARK [1][-]{section.4.3}{Diagramme d'Etat des Classes}{chapter.4}% 25
\BOOKMARK [2][-]{subsection.4.3.1}{Digrammes concernant le livreur}{section.4.3}% 26
\BOOKMARK [2][-]{subsection.4.3.2}{Diagrammes concernant la secr\351taire}{section.4.3}% 27
\BOOKMARK [2][-]{subsection.4.3.3}{Diagrammes concernant le superviseur}{section.4.3}% 28
\BOOKMARK [0][-]{chapter.5}{Description Lexicale de l'IHM}{}% 29
\BOOKMARK [1][-]{section.5.1}{Lexique des Objets Graphiques}{chapter.5}% 30
\BOOKMARK [1][-]{section.5.2}{Tableau des Messages Utilisateurs}{chapter.5}% 31
\BOOKMARK [1][-]{section.5.3}{Tableau ICAR de l'IHM}{chapter.5}% 32
\BOOKMARK [0][-]{chapter.6}{Conclusion sur le projet}{}% 33
\BOOKMARK [0][-]{Annexe.a.A}{Glossaire}{}% 34
\BOOKMARK [0][-]{Annexe.a.B}{DTD}{}% 35
\BOOKMARK [0][-]{Annexe.a.C}{Croquis de d\351finition de l'IHM}{}% 36
\BOOKMARK [0][-]{Annexe.a.D}{Diagramme de Gant du Projet}{}% 37
